<?xml version="1.0" encoding="UTF-8"?>
<!-- Generated by org.testng.reporters.JUnitReportReporter -->
<testsuite hostname="DESKTOP-LQ9AUV6" failures="0" tests="3" name="com.dru.qa.registration.testcases.LoginTest" time="39.900" errors="0" timestamp="2023-11-18T17:54:17 IST" skipped="0">
  <testcase classname="com.dru.qa.registration.testcases.LoginTest" name="validateTitle" time="2.158"/>
  <testcase classname="com.dru.qa.registration.testcases.LoginTest" name="validateLoginPage" time="5.386"/>
  <testcase classname="com.dru.qa.registration.testcases.LoginTest" name="loginToCredentials" time="32.356"/>
</testsuite> <!-- com.dru.qa.registration.testcases.LoginTest -->
