<?xml version="1.0" encoding="UTF-8"?>
<!-- Generated by org.testng.reporters.JUnitReportReporter -->
<testsuite hostname="DESKTOP-FHVJCI1" failures="0" tests="1" name="com.dru.qa.registration.testcases.UserManagementTest" time="66.372" errors="0" timestamp="2023-11-28T12:28:18 IST" skipped="0">
  <testcase classname="com.dru.qa.registration.testcases.UserManagementTest" name="validateUsers" time="66.372"/>
</testsuite> <!-- com.dru.qa.registration.testcases.UserManagementTest -->
