<?xml version="1.0" encoding="UTF-8"?>
<!-- Generated by org.testng.reporters.JUnitReportReporter -->
<testsuite hostname="DESKTOP-FHVJCI1" failures="0" tests="1" name="com.dru.qa.registration.testcases.UserManagementTest" time="26.335" errors="0" timestamp="2023-12-08T13:13:34 IST" skipped="0">
  <testcase classname="com.dru.qa.registration.testcases.UserManagementTest" name="uploadfile" time="26.335"/>
</testsuite> <!-- com.dru.qa.registration.testcases.UserManagementTest -->
