<?xml version="1.0" encoding="UTF-8"?>
<!-- Generated by org.testng.reporters.JUnitReportReporter -->
<testsuite hostname="DESKTOP-FHVJCI1" failures="0" tests="2" name="com.dru.qa.registration.testcases.HomePageTest" time="35.212" errors="0" timestamp="2023-11-28T11:45:54 IST" skipped="0">
  <testcase classname="com.dru.qa.registration.testcases.HomePageTest" name="validateMenu" time="26.714"/>
  <testcase classname="com.dru.qa.registration.testcases.HomePageTest" name="validateModule" time="8.498"/>
</testsuite> <!-- com.dru.qa.registration.testcases.HomePageTest -->
